app/api/reviews/[productId]/route.ts(104,5): error TS18049: 'product.ratings' is possibly 'null' or 'undefined'.
app/api/reviews/[productId]/route.ts(105,7): error TS18049: 'product.ratings' is possibly 'null' or 'undefined'.
app/api/reviews/[productId]/route.ts(105,35): error TS18049: 'product.ratings' is possibly 'null' or 'undefined'.
app/api/reviews/[productId]/route.ts(105,57): error TS18049: 'product.ratings' is possibly 'null' or 'undefined'.
app/api/users/wishlist/[productId]/route.ts(74,5): error TS2740: Type '(Subdocument<ObjectId, unknown, { productId: ObjectId; addedAt: NativeDate; }> & { productId: ObjectId; addedAt: NativeDate; })[]' is missing the following properties from type 'DocumentArray<{ productId: ObjectId; addedAt: NativeDate; }, Subdocument<ObjectId, unknown, { productId: ObjectId; addedAt: NativeDate; }> & { ...; }>': isMongooseDocumentArray, create, id, $pop, and 8 more.
app/dashboard/page.tsx(6,30): error TS2307: Cannot find module '@/lib/services/orderService' or its corresponding type declarations.
app/dashboard/page.tsx(7,32): error TS2307: Cannot find module '@/lib/services/productService' or its corresponding type declarations.
app/dashboard/page.tsx(13,29): error TS2307: Cannot find module '@/lib/services/authService' or its corresponding type declarations.
app/dashboard/page.tsx(20,32): error TS2307: Cannot find module '@/lib/services/messageService' or its corresponding type declarations.
app/dashboard/page.tsx(24,11): error TS2339: Property 'user' does not exist on type '{}'.
app/dashboard/page.tsx(160,13): error TS2322: Type '{ currentPage: number; totalPages: any; onPageChange: (newPage: number) => void; showInfo: true; }' is not assignable to type 'IntrinsicAttributes & { currentPage: any; totalPages: any; searchParams: any; allowedParams: any; href: any; showInfo?: boolean | undefined; className?: string | undefined; }'.
  Property 'onPageChange' does not exist on type 'IntrinsicAttributes & { currentPage: any; totalPages: any; searchParams: any; allowedParams: any; href: any; showInfo?: boolean | undefined; className?: string | undefined; }'.
app/dashboard/page.tsx(201,13): error TS2322: Type '{ currentPage: number; totalPages: any; onPageChange: (newPage: number) => void; showInfo: true; }' is not assignable to type 'IntrinsicAttributes & { currentPage: any; totalPages: any; searchParams: any; allowedParams: any; href: any; showInfo?: boolean | undefined; className?: string | undefined; }'.
  Property 'onPageChange' does not exist on type 'IntrinsicAttributes & { currentPage: any; totalPages: any; searchParams: any; allowedParams: any; href: any; showInfo?: boolean | undefined; className?: string | undefined; }'.
app/dashboard/page.tsx(247,13): error TS2322: Type '{ currentPage: number; totalPages: any; onPageChange: (newPage: number) => void; showInfo: true; }' is not assignable to type 'IntrinsicAttributes & { currentPage: any; totalPages: any; searchParams: any; allowedParams: any; href: any; showInfo?: boolean | undefined; className?: string | undefined; }'.
  Property 'onPageChange' does not exist on type 'IntrinsicAttributes & { currentPage: any; totalPages: any; searchParams: any; allowedParams: any; href: any; showInfo?: boolean | undefined; className?: string | undefined; }'.
app/dashboard/page.tsx(278,13): error TS2322: Type '{ currentPage: number; totalPages: any; onPageChange: (newPage: number) => void; showInfo: true; }' is not assignable to type 'IntrinsicAttributes & { currentPage: any; totalPages: any; searchParams: any; allowedParams: any; href: any; showInfo?: boolean | undefined; className?: string | undefined; }'.
  Property 'onPageChange' does not exist on type 'IntrinsicAttributes & { currentPage: any; totalPages: any; searchParams: any; allowedParams: any; href: any; showInfo?: boolean | undefined; className?: string | undefined; }'.
app/orders/[id]/page.tsx(4,30): error TS2307: Cannot find module '@/lib/services/orderService' or its corresponding type declarations.
app/orders/[id]/page.tsx(19,28): error TS7031: Binding element 'params' implicitly has an 'any' type.
app/orders/[id]/page.tsx(20,11): error TS2339: Property 'id' does not exist on type 'unknown'.
app/orders/[id]/page.tsx(93,33): error TS7006: Parameter 'item' implicitly has an 'any' type.
app/orders/page.tsx(9,29): error TS7031: Binding element 'searchParams' implicitly has an 'any' type.
app/orders/page.tsx(53,16): error TS2741: Property 'searchParams' is missing in type '{ currentPage: any; totalPages: any; allowedParams: string[]; href: string; showInfo: true; }' but required in type '{ currentPage: any; totalPages: any; searchParams: any; allowedParams: any; href: any; showInfo?: boolean | undefined; className?: string | undefined; }'.
app/product/[id]/page.tsx(11,37): error TS7031: Binding element 'params' implicitly has an 'any' type.
app/product/[id]/page.tsx(71,49): error TS7006: Parameter 'relatedProduct' implicitly has an 'any' type.
app/product/[id]/page.tsx(71,65): error TS7006: Parameter 'index' implicitly has an 'any' type.
app/profile/page.tsx(16,29): error TS2307: Cannot find module '@/lib/services/authService' or its corresponding type declarations.
app/profile/page.tsx(17,29): error TS2307: Cannot find module '@/lib/services/userService' or its corresponding type declarations.
app/profile/page.tsx(20,11): error TS2339: Property 'user' does not exist on type '{}'.
app/profile/page.tsx(20,17): error TS2339: Property 'updateUser' does not exist on type '{}'.
app/profile/page.tsx(20,29): error TS2339: Property 'loading' does not exist on type '{}'.
app/profile/page.tsx(57,34): error TS7006: Parameter 'data' implicitly has an 'any' type.
app/profile/page.tsx(64,19): error TS18046: 'error' is of type 'unknown'.
app/profile/page.tsx(68,35): error TS7006: Parameter 'data' implicitly has an 'any' type.
app/profile/page.tsx(75,19): error TS18046: 'error' is of type 'unknown'.
app/profile/page.tsx(79,31): error TS7006: Parameter 'event' implicitly has an 'any' type.
app/profile/page.tsx(90,26): error TS18047: 'e.target' is possibly 'null'.
app/profile/page.tsx(90,26): error TS2345: Argument of type 'string | ArrayBuffer | null' is not assignable to parameter of type 'SetStateAction<null>'.
  Type 'string' is not assignable to type 'SetStateAction<null>'.
app/profile/page.tsx(268,25): error TS2322: Type 'string' is not assignable to type 'number'.
app/profile/page.tsx(320,29): error TS2322: Type 'string | FieldError | Merge<FieldError, FieldErrorsImpl<any>> | undefined' is not assignable to type 'ReactNode'.
  Type 'FieldError' is not assignable to type 'ReactNode'.
    Type 'FieldError' is missing the following properties from type 'ReactPortal': children, props, key
app/profile/page.tsx(358,29): error TS2322: Type 'string | FieldError | Merge<FieldError, FieldErrorsImpl<any>> | undefined' is not assignable to type 'ReactNode'.
  Type 'FieldError' is not assignable to type 'ReactNode'.
    Type 'FieldError' is missing the following properties from type 'ReactPortal': children, props, key
app/profile/page.tsx(379,29): error TS2322: Type 'string | FieldError | Merge<FieldError, FieldErrorsImpl<any>> | undefined' is not assignable to type 'ReactNode'.
  Type 'FieldError' is not assignable to type 'ReactNode'.
    Type 'FieldError' is missing the following properties from type 'ReactPortal': children, props, key
app/profile/page.tsx(464,42): error TS7053: Element implicitly has an 'any' type because expression of type 'string' can't be used to index type '{ orderupdates: boolean; promotions: boolean; newsletter: boolean; security: boolean; }'.
  No index signature with a parameter of type 'string' was found on type '{ orderupdates: boolean; promotions: boolean; newsletter: boolean; security: boolean; }'.
app/profile/page.tsx(470,47): error TS7053: Element implicitly has an 'any' type because expression of type 'string' can't be used to index type '{ orderupdates: boolean; promotions: boolean; newsletter: boolean; security: boolean; }'.
  No index signature with a parameter of type 'string' was found on type '{ orderupdates: boolean; promotions: boolean; newsletter: boolean; security: boolean; }'.
app/reset-password/page.tsx(7,29): error TS2307: Cannot find module '@/lib/services/authService' or its corresponding type declarations.
app/track-order/page.tsx(8,30): error TS2307: Cannot find module '@/lib/services/orderService' or its corresponding type declarations.
app/wishlist/page.tsx(11,11): error TS2339: Property 'wishlist' does not exist on type '{} | null'.
app/wishlist/page.tsx(11,21): error TS2339: Property 'clearWishlist' does not exist on type '{} | null'.
app/wishlist/page.tsx(60,26): error TS7006: Parameter 'item' implicitly has an 'any' type.
app/wishlist/page.tsx(60,32): error TS7006: Parameter 'index' implicitly has an 'any' type.
components/auth/ForgotPasswordForm.tsx(3,29): error TS2307: Cannot find module '@/lib/services/authService' or its corresponding type declarations.
components/auth/ForgotPasswordForm.tsx(6,31): error TS7031: Binding element 'onSuccess' implicitly has an 'any' type.
components/auth/ForgotPasswordForm.tsx(13,27): error TS7006: Parameter 'data' implicitly has an 'any' type.
components/auth/ForgotPasswordForm.tsx(45,72): error TS2322: Type 'string | FieldError | Merge<FieldError, FieldErrorsImpl<any>> | undefined' is not assignable to type 'ReactNode'.
  Type 'FieldError' is not assignable to type 'ReactNode'.
    Type 'FieldError' is missing the following properties from type 'ReactPortal': children, props, key
components/auth/LoginForm.tsx(10,22): error TS7031: Binding element 'onSuccess' implicitly has an 'any' type.
components/auth/LoginForm.tsx(10,33): error TS7031: Binding element 'onSwitchToRegister' implicitly has an 'any' type.
components/auth/LoginForm.tsx(10,53): error TS7031: Binding element 'onSwitchToForgotPassword' implicitly has an 'any' type.
components/auth/LoginForm.tsx(12,11): error TS2339: Property 'login' does not exist on type '{}'.
components/auth/LoginForm.tsx(12,18): error TS2339: Property 'loading' does not exist on type '{}'.
components/auth/LoginForm.tsx(12,27): error TS2339: Property 'error' does not exist on type '{}'.
components/auth/LoginForm.tsx(12,34): error TS2339: Property 'clearError' does not exist on type '{}'.
components/auth/LoginForm.tsx(26,27): error TS7006: Parameter 'data' implicitly has an 'any' type.
components/auth/LoginForm.tsx(32,11): error TS18046: 'err' is of type 'unknown'.
components/auth/LoginForm.tsx(34,24): error TS18046: 'err' is of type 'unknown'.
components/auth/LoginForm.tsx(35,20): error TS2345: Argument of type 'string' is not assignable to parameter of type '"email" | "password" | "root" | `root.${string}`'.
components/auth/ProtectedRoute.tsx(9,27): error TS7031: Binding element 'children' implicitly has an 'any' type.
components/auth/ProtectedRoute.tsx(10,11): error TS2339: Property 'user' does not exist on type '{}'.
components/auth/ProtectedRoute.tsx(10,17): error TS2339: Property 'isAuthenticated' does not exist on type '{}'.
components/auth/ProtectedRoute.tsx(10,34): error TS2339: Property 'loading' does not exist on type '{}'.
components/auth/ProtectedRoute.tsx(30,12): error TS2741: Property 'onSwitchToForgotPassword' is missing in type '{ onSuccess: () => void; onSwitchToRegister: () => void; }' but required in type '{ onSuccess: any; onSwitchToRegister: any; onSwitchToForgotPassword: any; }'.
components/auth/RegisterForm.tsx(10,25): error TS7031: Binding element 'onSuccess' implicitly has an 'any' type.
components/auth/RegisterForm.tsx(10,36): error TS7031: Binding element 'onSwitchToLogin' implicitly has an 'any' type.
components/auth/RegisterForm.tsx(13,11): error TS2339: Property 'register' does not exist on type '{}'.
components/auth/RegisterForm.tsx(13,35): error TS2339: Property 'loading' does not exist on type '{}'.
components/auth/RegisterForm.tsx(13,44): error TS2339: Property 'error' does not exist on type '{}'.
components/auth/RegisterForm.tsx(13,51): error TS2339: Property 'clearError' does not exist on type '{}'.
components/auth/RegisterForm.tsx(33,29): error TS7006: Parameter 'pwd' implicitly has an 'any' type.
components/auth/RegisterForm.tsx(45,28): error TS7006: Parameter 'strength' implicitly has an 'any' type.
components/auth/RegisterForm.tsx(66,27): error TS7006: Parameter 'data' implicitly has an 'any' type.
components/auth/RegisterForm.tsx(81,24): error TS18046: 'err' is of type 'unknown'.
components/auth/RegisterForm.tsx(87,20): error TS2345: Argument of type 'string' is not assignable to parameter of type '"name" | "email" | "password" | "confirmPassword" | "root" | `root.${string}` | "agreeToTerms"'.
components/cart/CartItem.tsx(10,21): error TS7031: Binding element 'item' implicitly has an 'any' type.
components/cart/CartItem.tsx(11,11): error TS2339: Property 'updateQuantity' does not exist on type '{}'.
components/cart/CartItem.tsx(11,27): error TS2339: Property 'removeItem' does not exist on type '{}'.
components/cart/CartItem.tsx(14,39): error TS7006: Parameter 'newQuantity' implicitly has an 'any' type.
components/cart/CartPage.tsx(14,11): error TS2339: Property 'items' does not exist on type '{}'.
components/cart/CartPage.tsx(14,18): error TS2339: Property 'total' does not exist on type '{}'.
components/cart/CartPage.tsx(14,25): error TS2339: Property 'itemCount' does not exist on type '{}'.
components/cart/CartPage.tsx(14,36): error TS2339: Property 'clearCart' does not exist on type '{}'.
components/cart/CartPage.tsx(15,11): error TS2339: Property 'isAuthenticated' does not exist on type '{}'.
components/cart/CartPage.tsx(72,27): error TS7006: Parameter 'item' implicitly has an 'any' type.
components/cart/CartPage.tsx(72,33): error TS7006: Parameter 'index' implicitly has an 'any' type.
components/cart/CartSidebar.tsx(12,11): error TS2339: Property 'isOpen' does not exist on type '{}'.
components/cart/CartSidebar.tsx(12,19): error TS2339: Property 'setCartOpen' does not exist on type '{}'.
components/cart/CartSidebar.tsx(12,32): error TS2339: Property 'items' does not exist on type '{}'.
components/cart/CartSidebar.tsx(12,39): error TS2339: Property 'total' does not exist on type '{}'.
components/cart/CartSidebar.tsx(12,46): error TS2339: Property 'itemCount' does not exist on type '{}'.
components/cart/CartSidebar.tsx(12,57): error TS2339: Property 'clearCart' does not exist on type '{}'.
components/cart/CartSidebar.tsx(83,31): error TS7006: Parameter 'item' implicitly has an 'any' type.
components/checkout/CheckoutClient.tsx(32,11): error TS2339: Property 'user' does not exist on type '{}'.
components/checkout/CheckoutClient.tsx(33,11): error TS2339: Property 'items' does not exist on type '{}'.
components/checkout/CheckoutClient.tsx(33,18): error TS2339: Property 'total' does not exist on type '{}'.
components/checkout/CheckoutClient.tsx(33,25): error TS2339: Property 'clearCart' does not exist on type '{}'.
components/checkout/CheckoutClient.tsx(55,33): error TS7006: Parameter 'data' implicitly has an 'any' type.
components/checkout/CheckoutClient.tsx(419,29): error TS7006: Parameter 'item' implicitly has an 'any' type.
components/common/ErrorBoundary.tsx(6,15): error TS7006: Parameter 'props' implicitly has an 'any' type.
components/common/ErrorBoundary.tsx(11,35): error TS7006: Parameter 'error' implicitly has an 'any' type.
components/common/ErrorBoundary.tsx(15,21): error TS7006: Parameter 'error' implicitly has an 'any' type.
components/common/ErrorBoundary.tsx(15,28): error TS7006: Parameter 'errorInfo' implicitly has an 'any' type.
components/common/ErrorBoundary.tsx(28,20): error TS2339: Property 'hasError' does not exist on type 'Readonly<{}>'.
components/common/ErrorBoundary.tsx(67,67): error TS2339: Property 'error' does not exist on type 'Readonly<{}>'.
components/common/ErrorBoundary.tsx(74,33): error TS2339: Property 'error' does not exist on type 'Readonly<{}>'.
components/common/ErrorBoundary.tsx(76,31): error TS2339: Property 'errorInfo' does not exist on type 'Readonly<{}>'.
components/common/ErrorBoundary.tsx(78,35): error TS2339: Property 'errorInfo' does not exist on type 'Readonly<{}>'.
components/common/ErrorBoundary.tsx(89,23): error TS2339: Property 'children' does not exist on type 'Readonly<{}>'.
components/common/Footer.tsx(117,19): error TS2322: Type '{ className: string; }' is not assignable to type 'IntrinsicAttributes'.
  Property 'className' does not exist on type 'IntrinsicAttributes'.
components/common/Header.tsx(28,11): error TS2339: Property 'user' does not exist on type '{}'.
components/common/Header.tsx(28,17): error TS2339: Property 'isAuthenticated' does not exist on type '{}'.
components/common/Header.tsx(28,34): error TS2339: Property 'logout' does not exist on type '{}'.
components/common/Header.tsx(29,11): error TS2339: Property 'itemCount' does not exist on type '{}'.
components/common/Header.tsx(29,22): error TS2339: Property 'toggleCart' does not exist on type '{}'.
components/common/Header.tsx(30,11): error TS2339: Property 'isDark' does not exist on type '{}'.
components/common/Header.tsx(30,19): error TS2339: Property 'toggleTheme' does not exist on type '{}'.
components/common/Header.tsx(61,28): error TS7006: Parameter 'evnt' implicitly has an 'any' type.
components/common/Modal.tsx(5,18): error TS7031: Binding element 'isOpen' implicitly has an 'any' type.
components/common/Modal.tsx(5,26): error TS7031: Binding element 'onClose' implicitly has an 'any' type.
components/common/Modal.tsx(5,35): error TS7031: Binding element 'title' implicitly has an 'any' type.
components/common/Modal.tsx(5,42): error TS7031: Binding element 'children' implicitly has an 'any' type.
components/common/Modal.tsx(7,27): error TS7006: Parameter 'e' implicitly has an 'any' type.
components/common/Modal.tsx(42,83): error TS7053: Element implicitly has an 'any' type because expression of type 'string' can't be used to index type '{ sm: string; md: string; lg: string; xl: string; full: string; }'.
  No index signature with a parameter of type 'string' was found on type '{ sm: string; md: string; lg: string; xl: string; full: string; }'.
components/common/Pagination.tsx(7,3): error TS7031: Binding element 'currentPage' implicitly has an 'any' type.
components/common/Pagination.tsx(8,3): error TS7031: Binding element 'totalPages' implicitly has an 'any' type.
components/common/Pagination.tsx(9,3): error TS7031: Binding element 'searchParams' implicitly has an 'any' type.
components/common/Pagination.tsx(10,3): error TS7031: Binding element 'allowedParams' implicitly has an 'any' type.
components/common/Pagination.tsx(11,3): error TS7031: Binding element 'href' implicitly has an 'any' type.
components/common/Pagination.tsx(20,26): error TS7006: Parameter 'key' implicitly has an 'any' type.
components/common/RenderStars.tsx(3,25): error TS7031: Binding element 'rating' implicitly has an 'any' type.
components/common/SearchBar.tsx(5,32): error TS2307: Cannot find module '@/lib/services/productService' or its corresponding type declarations.
components/common/SearchBar.tsx(9,22): error TS7031: Binding element 'onClose' implicitly has an 'any' type.
components/common/SearchBar.tsx(15,20): error TS2552: Cannot find name 'useNavigate'. Did you mean 'navigate'?
components/common/SearchBar.tsx(46,31): error TS7006: Parameter 'productId' implicitly has an 'any' type.
components/common/SearchBar.tsx(51,25): error TS7006: Parameter 'e' implicitly has an 'any' type.
components/common/SearchBar.tsx(54,42): error TS2345: Argument of type '[string, string]' is not assignable to parameter of type 'string | Record<string, string> | URLSearchParams | string[][] | undefined'.
  Type '[string, string]' is not assignable to type 'string[][]'.
    Type 'string' is not assignable to type 'string[]'.
components/common/SearchBar.tsx(56,26): error TS2345: Argument of type 'number' is not assignable to parameter of type 'string'.
components/common/SearchBar.tsx(108,32): error TS2339: Property '_id' does not exist on type 'never'.
components/common/SearchBar.tsx(109,61): error TS2339: Property '_id' does not exist on type 'never'.
components/common/SearchBar.tsx(113,34): error TS2339: Property 'images' does not exist on type 'never'.
components/common/SearchBar.tsx(114,34): error TS2339: Property 'name' does not exist on type 'never'.
components/common/SearchBar.tsx(119,32): error TS2339: Property 'name' does not exist on type 'never'.
components/common/SearchBar.tsx(122,32): error TS2339: Property 'category' does not exist on type 'never'.
components/common/SearchBar.tsx(125,44): error TS2339: Property 'price' does not exist on type 'never'.
components/common/Spinner.tsx(13,26): error TS7053: Element implicitly has an 'any' type because expression of type 'string' can't be used to index type '{ sm: string; md: string; lg: string; xl: string; }'.
  No index signature with a parameter of type 'string' was found on type '{ sm: string; md: string; lg: string; xl: string; }'.
components/common/Spinner.tsx(27,33): error TS7031: Binding element 'loading' implicitly has an 'any' type.
components/common/Spinner.tsx(27,42): error TS7031: Binding element 'children' implicitly has an 'any' type.
components/dashboard/MessageCard.tsx(5,32): error TS2307: Cannot find module '@/lib/services/messageService' or its corresponding type declarations.
components/dashboard/MessageCard.tsx(8,24): error TS7031: Binding element 'message' implicitly has an 'any' type.
components/dashboard/MessageCard.tsx(8,33): error TS7031: Binding element 'page' implicitly has an 'any' type.
components/dashboard/MessageCard.tsx(22,37): error TS2559: Type 'any[]' has no properties in common with type 'InvalidateQueryFilters<readonly unknown[]>'.
components/dashboard/MessageCard.tsx(103,19): error TS2322: Type 'UseMutateFunction<unknown, Error, void, unknown>' is not assignable to type 'MouseEventHandler<HTMLButtonElement>'.
  Types of parameters 'variables' and 'event' are incompatible.
    Type 'MouseEvent<HTMLButtonElement, MouseEvent>' is not assignable to type 'void'.
components/dashboard/OrderCard.tsx(13,22): error TS7031: Binding element 'order' implicitly has an 'any' type.
components/dashboard/OrderCard.tsx(13,29): error TS7031: Binding element 'updateStatusMutation' implicitly has an 'any' type.
components/dashboard/OrderCard.tsx(17,27): error TS7006: Parameter 'status' implicitly has an 'any' type.
components/dashboard/OrderCard.tsx(25,12): error TS7053: Element implicitly has an 'any' type because expression of type 'any' can't be used to index type '{ pending: number; confirmed: number; shipped: number; delivered: number; cancelled: number; }'.
components/dashboard/OrderCard.tsx(28,27): error TS7006: Parameter 'stage' implicitly has an 'any' type.
components/dashboard/OrderCard.tsx(28,34): error TS7006: Parameter 'currentStage' implicitly has an 'any' type.
components/dashboard/OrderCard.tsx(90,53): error TS7053: Element implicitly has an 'any' type because expression of type 'any' can't be used to index type '{ pending: string[]; confirmed: string[]; shipped: string[]; delivered: never[]; cancelled: never[]; }'.
components/dashboard/OrderCard.tsx(164,33): error TS7006: Parameter 'item' implicitly has an 'any' type.
components/dashboard/ProductCard.tsx(13,32): error TS2307: Cannot find module '@/lib/services/productService' or its corresponding type declarations.
components/dashboard/ProductCard.tsx(16,24): error TS7031: Binding element 'product' implicitly has an 'any' type.
components/dashboard/ProductCard.tsx(16,33): error TS7031: Binding element 'toggleMutation' implicitly has an 'any' type.
components/dashboard/ProductCard.tsx(23,36): error TS7006: Parameter 'delta' implicitly has an 'any' type.
components/dashboard/ProductCard.tsx(39,27): error TS7006: Parameter 'stock' implicitly has an 'any' type.
components/dashboard/ProductCard.tsx(56,24): error TS7006: Parameter 'average' implicitly has an 'any' type.
components/dashboard/ProductCard.tsx(56,33): error TS7006: Parameter 'count' implicitly has an 'any' type.
components/dashboard/ProductCard.tsx(186,38): error TS7006: Parameter 'image' implicitly has an 'any' type.
components/dashboard/ProductCard.tsx(186,45): error TS7006: Parameter 'index' implicitly has an 'any' type.
components/dashboard/ProductCard.tsx(273,27): error TS2322: Type 'unknown' is not assignable to type 'ReactNode'.
components/dashboard/UserCard.tsx(10,29): error TS2307: Cannot find module '@/lib/services/userService' or its corresponding type declarations.
components/dashboard/UserCard.tsx(13,21): error TS7031: Binding element 'user' implicitly has an 'any' type.
components/dashboard/UserCard.tsx(13,27): error TS7031: Binding element 'page' implicitly has an 'any' type.
components/dashboard/UserCard.tsx(20,37): error TS2559: Type 'any[]' has no properties in common with type 'InvalidateQueryFilters<readonly unknown[]>'.
components/dashboard/UserCard.tsx(21,29): error TS18046: 'data' is of type 'unknown'.
components/dashboard/UserCard.tsx(25,23): error TS7006: Parameter 'dateString' implicitly has an 'any' type.
components/dashboard/UserCard.tsx(34,29): error TS7006: Parameter 'user' implicitly has an 'any' type.
components/dashboard/UserCard.tsx(54,28): error TS7006: Parameter 'name' implicitly has an 'any' type.
components/dashboard/UserCard.tsx(57,13): error TS7006: Parameter 'n' implicitly has an 'any' type.
components/dashboard/UserCard.tsx(62,31): error TS7006: Parameter 'dateString' implicitly has an 'any' type.
components/dashboard/UserCard.tsx(65,41): error TS2362: The left-hand side of an arithmetic operation must be of type 'any', 'number', 'bigint' or an enum type.
components/dashboard/UserCard.tsx(65,47): error TS2363: The right-hand side of an arithmetic operation must be of type 'any', 'number', 'bigint' or an enum type.
components/dashboard/UserCard.tsx(150,47): error TS2345: Argument of type '{ id: any; isUserActive: any; }' is not assignable to parameter of type 'void'.
components/dashboard/UserCard.tsx(223,37): error TS7006: Parameter 'item' implicitly has an 'any' type.
components/faq/FAQItem.tsx(3,20): error TS7031: Binding element 'index' implicitly has an 'any' type.
components/faq/FAQItem.tsx(3,27): error TS7031: Binding element 'question' implicitly has an 'any' type.
components/faq/FAQItem.tsx(3,37): error TS7031: Binding element 'answer' implicitly has an 'any' type.
components/faq/FAQItem.tsx(3,45): error TS7031: Binding element 'open' implicitly has an 'any' type.
components/faq/FAQItem.tsx(3,51): error TS7031: Binding element 'onToggle' implicitly has an 'any' type.
components/faq/FAQList.tsx(5,20): error TS7031: Binding element 'faqs' implicitly has an 'any' type.
components/faq/FAQList.tsx(10,18): error TS7006: Parameter 'item' implicitly has an 'any' type.
components/faq/FAQList.tsx(10,24): error TS7006: Parameter 'i' implicitly has an 'any' type.
components/orders/OrderItem.tsx(11,22): error TS7031: Binding element 'order' implicitly has an 'any' type.
components/orders/OrderItem.tsx(11,29): error TS7031: Binding element 'queryKey' implicitly has an 'any' type.
components/orders/OrderItem.tsx(15,27): error TS7006: Parameter 'status' implicitly has an 'any' type.
components/orders/OrderItem.tsx(32,34): error TS7006: Parameter 'status' implicitly has an 'any' type.
components/orders/OrderItem.tsx(82,41): error TS7006: Parameter 'item' implicitly has an 'any' type.
components/orders/OrderItem.tsx(144,37): error TS7006: Parameter 'item' implicitly has an 'any' type.
components/orders/OrderList.tsx(5,22): error TS7031: Binding element 'orders' implicitly has an 'any' type.
components/orders/OrderList.tsx(39,20): error TS7006: Parameter 'order' implicitly has an 'any' type.
components/orders/OrderList.tsx(39,27): error TS7006: Parameter 'index' implicitly has an 'any' type.
components/orders/OrderList.tsx(43,12): error TS2741: Property 'queryKey' is missing in type '{ order: any; }' but required in type '{ order: any; queryKey: any; }'.
components/orders/OrdersFilter.tsx(44,25): error TS7031: Binding element 'currentFilter' implicitly has an 'any' type.
components/products/ProductActions.tsx(10,27): error TS7031: Binding element 'product' implicitly has an 'any' type.
components/products/ProductActions.tsx(11,11): error TS2339: Property 'addItem' does not exist on type '{}'.
components/products/ProductActions.tsx(12,11): error TS2339: Property 'isAuthenticated' does not exist on type '{}'.
components/products/ProductActions.tsx(13,11): error TS2339: Property 'wishlist' does not exist on type '{} | null'.
components/products/ProductActions.tsx(13,21): error TS2339: Property 'addToWishlist' does not exist on type '{} | null'.
components/products/ProductActions.tsx(13,36): error TS2339: Property 'removeFromWishlist' does not exist on type '{} | null'.
components/products/ProductActions.tsx(17,20): error TS7006: Parameter 'item' implicitly has an 'any' type.
components/products/ProductActions.tsx(17,52): error TS2304: Cannot find name 'id'.
components/products/ProductCard.tsx(15,24): error TS7031: Binding element 'product' implicitly has an 'any' type.
components/products/ProductCard.tsx(16,11): error TS2339: Property 'addItem' does not exist on type '{}'.
components/products/ProductCard.tsx(17,11): error TS2339: Property 'isAuthenticated' does not exist on type '{}'.
components/products/ProductCard.tsx(18,11): error TS2339: Property 'wishlist' does not exist on type '{} | null'.
components/products/ProductCard.tsx(18,21): error TS2339: Property 'addToWishlist' does not exist on type '{} | null'.
components/products/ProductCard.tsx(18,36): error TS2339: Property 'removeFromWishlist' does not exist on type '{} | null'.
components/products/ProductCard.tsx(21,20): error TS7006: Parameter 'item' implicitly has an 'any' type.
components/products/ProductCard.tsx(24,28): error TS7006: Parameter 'e' implicitly has an 'any' type.
components/products/ProductCard.tsx(45,39): error TS7006: Parameter 'e' implicitly has an 'any' type.
components/products/ProductCard.tsx(65,24): error TS7006: Parameter 'rating' implicitly has an 'any' type.
components/products/ProductCard.tsx(78,36): error TS7006: Parameter 'item' implicitly has an 'any' type.
components/products/ProductFilter.tsx(8,26): error TS7031: Binding element 'filters' implicitly has an 'any' type.
components/products/ProductFilter.tsx(8,35): error TS7031: Binding element 'onFilterChange' implicitly has an 'any' type.
components/products/ProductFilter.tsx(8,51): error TS7031: Binding element 'onClearFilters' implicitly has an 'any' type.
components/products/ProductFilter.tsx(16,26): error TS7006: Parameter 'section' implicitly has an 'any' type.
components/products/ProductFilter.tsx(19,19): error TS7053: Element implicitly has an 'any' type because expression of type 'any' can't be used to index type '{ category: boolean; price: boolean; rating: boolean; }'.
components/products/ProductFilter.tsx(23,31): error TS7006: Parameter 'filterType' implicitly has an 'any' type.
components/products/ProductFilter.tsx(23,43): error TS7006: Parameter 'value' implicitly has an 'any' type.
components/products/ProductFilter.tsx(27,33): error TS7031: Binding element 'sortBy' implicitly has an 'any' type.
components/products/ProductFilter.tsx(27,41): error TS7031: Binding element 'sortOrder' implicitly has an 'any' type.
components/products/ProductFilter.tsx(31,32): error TS7031: Binding element 'minPrice' implicitly has an 'any' type.
components/products/ProductFilter.tsx(31,42): error TS7031: Binding element 'maxPrice' implicitly has an 'any' type.
components/products/ProductFilter.tsx(127,3): error TS7031: Binding element 'filters' implicitly has an 'any' type.
components/products/ProductFilter.tsx(128,3): error TS7031: Binding element 'expandedSections' implicitly has an 'any' type.
components/products/ProductFilter.tsx(129,3): error TS7031: Binding element 'onFilterChange' implicitly has an 'any' type.
components/products/ProductFilter.tsx(130,3): error TS7031: Binding element 'onPriceChange' implicitly has an 'any' type.
components/products/ProductFilter.tsx(131,3): error TS7031: Binding element 'onSortByChange' implicitly has an 'any' type.
components/products/ProductFilter.tsx(132,3): error TS7031: Binding element 'onClearFilters' implicitly has an 'any' type.
components/products/ProductFilter.tsx(133,3): error TS7031: Binding element 'toggleSection' implicitly has an 'any' type.
components/products/ProductFilter.tsx(134,3): error TS7031: Binding element 'hasActiveFilters' implicitly has an 'any' type.
components/products/ProductFilter.tsx(135,3): error TS7031: Binding element 'productCount' implicitly has an 'any' type.
components/products/ProductImages.tsx(5,26): error TS7031: Binding element 'product' implicitly has an 'any' type.
components/products/ProductImages.tsx(22,32): error TS7006: Parameter 'image' implicitly has an 'any' type.
components/products/ProductImages.tsx(22,39): error TS7006: Parameter 'index' implicitly has an 'any' type.
components/products/ProductInfo.tsx(7,24): error TS7031: Binding element 'product' implicitly has an 'any' type.
components/products/ProductList.tsx(8,24): error TS7031: Binding element 'products' implicitly has an 'any' type.
components/products/ProductList.tsx(39,22): error TS7006: Parameter 'product' implicitly has an 'any' type.
components/products/ProductList.tsx(39,31): error TS7006: Parameter 'index' implicitly has an 'any' type.
components/products/ProductReviewCard.tsx(10,31): error TS2307: Cannot find module '@/lib/services/reviewService' or its corresponding type declarations.
components/products/ProductReviewCard.tsx(13,30): error TS7031: Binding element 'item' implicitly has an 'any' type.
components/products/ProductReviewCard.tsx(13,36): error TS7031: Binding element 'page' implicitly has an 'any' type.
components/products/ProductReviewCard.tsx(28,37): error TS2559: Type 'any[]' has no properties in common with type 'InvalidateQueryFilters<readonly unknown[]>'.
components/products/ProductReviewCard.tsx(42,37): error TS2559: Type 'any[]' has no properties in common with type 'InvalidateQueryFilters<readonly unknown[]>'.
components/products/ProductReviewCard.tsx(50,43): error TS7006: Parameter 'data' implicitly has an 'any' type.
components/products/ProductReviewCard.tsx(82,25): error TS2345: Argument of type '{ productId: any; rating: number; title: string; comment: string; }' is not assignable to parameter of type 'void'.
components/products/ProductReviews.tsx(20,34): error TS7006: Parameter 'i' implicitly has an 'any' type.
components/products/ProductReviews.tsx(42,24): error TS7006: Parameter 'value' implicitly has an 'any' type.
components/products/ProductReviews.tsx(114,29): error TS2339: Property '_id' does not exist on type 'never'.
components/products/ProductReviews.tsx(120,33): error TS2339: Property 'user' does not exist on type 'never'.
components/products/ProductReviews.tsx(121,33): error TS2339: Property 'user' does not exist on type 'never'.
components/products/ProductReviews.tsx(121,56): error TS2339: Property 'user' does not exist on type 'never'.
components/products/ProductReviews.tsx(128,31): error TS2339: Property 'user' does not exist on type 'never'.
components/products/ProductReviews.tsx(130,77): error TS2339: Property 'updatedAt' does not exist on type 'never'.
components/products/ProductReviews.tsx(135,27): error TS2339: Property 'title' does not exist on type 'never'.
components/products/ProductReviews.tsx(141,48): error TS2339: Property 'rating' does not exist on type 'never'.
components/products/ProductReviews.tsx(143,39): error TS2339: Property 'rating' does not exist on type 'never'.
components/products/ProductReviews.tsx(145,36): error TS2339: Property 'rating' does not exist on type 'never'.
components/products/ProductReviews.tsx(149,73): error TS2339: Property 'comment' does not exist on type 'never'.
components/products/ProductTab.tsx(6,23): error TS7031: Binding element 'product' implicitly has an 'any' type.
components/products/ProductTab.tsx(6,32): error TS7031: Binding element 'reviews' implicitly has an 'any' type.
components/products/ProductTab.tsx(52,72): error TS2322: Type 'unknown' is not assignable to type 'ReactNode'.
components/shop/ActiveFilters.tsx(5,26): error TS7031: Binding element 'total' implicitly has an 'any' type.
components/shop/ActiveFilters.tsx(5,33): error TS7031: Binding element 'filters' implicitly has an 'any' type.
components/shop/ActiveFilters.tsx(10,71): error TS2345: Argument of type '{}' is not assignable to parameter of type 'string'.
components/shop/SidebarFilters.tsx(17,71): error TS2345: Argument of type '{}' is not assignable to parameter of type 'string'.
components/wishlist/WishlistItem.tsx(6,25): error TS7031: Binding element 'item' implicitly has an 'any' type.
components/wishlist/WishlistItem.tsx(7,11): error TS2339: Property 'removeFromWishlist' does not exist on type '{} | null'.
components/wishlist/WishlistItem.tsx(13,15): error TS2322: Type '{ children: Element; to: string; }' is not assignable to type 'IntrinsicAttributes & Omit<AnchorHTMLAttributes<HTMLAnchorElement>, keyof LinkProps<any>> & LinkProps<...> & { ...; } & RefAttributes<...>'.
  Property 'to' does not exist on type 'IntrinsicAttributes & Omit<AnchorHTMLAttributes<HTMLAnchorElement>, keyof LinkProps<any>> & LinkProps<...> & { ...; } & RefAttributes<...>'.
components/wishlist/WishlistItem.tsx(22,13): error TS2322: Type '{ children: any; to: string; className: string; }' is not assignable to type 'IntrinsicAttributes & Omit<AnchorHTMLAttributes<HTMLAnchorElement>, keyof LinkProps<any>> & LinkProps<...> & { ...; } & RefAttributes<...>'.
  Property 'to' does not exist on type 'IntrinsicAttributes & Omit<AnchorHTMLAttributes<HTMLAnchorElement>, keyof LinkProps<any>> & LinkProps<...> & { ...; } & RefAttributes<...>'.
components/wishlist/WishlistItem.tsx(33,15): error TS2322: Type '{ children: string; to: string; className: string; }' is not assignable to type 'IntrinsicAttributes & Omit<AnchorHTMLAttributes<HTMLAnchorElement>, keyof LinkProps<any>> & LinkProps<...> & { ...; } & RefAttributes<...>'.
  Property 'to' does not exist on type 'IntrinsicAttributes & Omit<AnchorHTMLAttributes<HTMLAnchorElement>, keyof LinkProps<any>> & LinkProps<...> & { ...; } & RefAttributes<...>'.
lib/actions/placeOrderAction.ts(25,13): error TS2339: Property 'order' does not exist on type 'AxiosResponse<any, any, {}>'.
lib/contexts/AuthContext.tsx(4,29): error TS2307: Cannot find module '@/lib/services/authService' or its corresponding type declarations.
lib/contexts/AuthContext.tsx(7,21): error TS2554: Expected 1 arguments, but got 0.
lib/contexts/AuthContext.tsx(18,22): error TS7006: Parameter 'state' implicitly has an 'any' type.
lib/contexts/AuthContext.tsx(18,29): error TS7006: Parameter 'action' implicitly has an 'any' type.
lib/contexts/AuthContext.tsx(76,32): error TS7031: Binding element 'children' implicitly has an 'any' type.
lib/contexts/AuthContext.tsx(103,51): error TS18046: 'error' is of type 'unknown'.
lib/contexts/AuthContext.tsx(114,24): error TS7006: Parameter 'credentials' implicitly has an 'any' type.
lib/contexts/AuthContext.tsx(130,47): error TS18046: 'error' is of type 'unknown'.
lib/contexts/AuthContext.tsx(131,19): error TS18046: 'error' is of type 'unknown'.
lib/contexts/AuthContext.tsx(137,27): error TS7006: Parameter 'userData' implicitly has an 'any' type.
lib/contexts/AuthContext.tsx(153,47): error TS18046: 'error' is of type 'unknown'.
lib/contexts/AuthContext.tsx(154,19): error TS18046: 'error' is of type 'unknown'.
lib/contexts/AuthContext.tsx(199,23): error TS7006: Parameter 'user' implicitly has an 'any' type.
lib/contexts/CartContext.tsx(6,21): error TS2554: Expected 1 arguments, but got 0.
lib/contexts/CartContext.tsx(15,22): error TS7006: Parameter 'state' implicitly has an 'any' type.
lib/contexts/CartContext.tsx(15,29): error TS7006: Parameter 'action' implicitly has an 'any' type.
lib/contexts/CartContext.tsx(18,46): error TS7006: Parameter 'item' implicitly has an 'any' type.
lib/contexts/CartContext.tsx(21,47): error TS7006: Parameter 'item' implicitly has an 'any' type.
lib/contexts/CartContext.tsx(41,36): error TS7006: Parameter 'item' implicitly has an 'any' type.
lib/contexts/CartContext.tsx(47,15): error TS7006: Parameter 'item' implicitly has an 'any' type.
lib/contexts/CartContext.tsx(52,18): error TS7006: Parameter 'item' implicitly has an 'any' type.
lib/contexts/CartContext.tsx(82,45): error TS7006: Parameter 'total' implicitly has an 'any' type.
lib/contexts/CartContext.tsx(82,52): error TS7006: Parameter 'item' implicitly has an 'any' type.
lib/contexts/CartContext.tsx(83,41): error TS7006: Parameter 'total' implicitly has an 'any' type.
lib/contexts/CartContext.tsx(83,48): error TS7006: Parameter 'item' implicitly has an 'any' type.
lib/contexts/CartContext.tsx(104,32): error TS7031: Binding element 'children' implicitly has an 'any' type.
lib/contexts/CartContext.tsx(129,20): error TS7006: Parameter 'product' implicitly has an 'any' type.
lib/contexts/CartContext.tsx(134,23): error TS7006: Parameter 'id' implicitly has an 'any' type.
lib/contexts/CartContext.tsx(135,36): error TS7006: Parameter 'item' implicitly has an 'any' type.
lib/contexts/CartContext.tsx(142,27): error TS7006: Parameter 'id' implicitly has an 'any' type.
lib/contexts/CartContext.tsx(142,31): error TS7006: Parameter 'quantity' implicitly has an 'any' type.
lib/contexts/CartContext.tsx(155,24): error TS7006: Parameter 'isOpen' implicitly has an 'any' type.
lib/contexts/CartContext.tsx(159,28): error TS7006: Parameter 'id' implicitly has an 'any' type.
lib/contexts/CartContext.tsx(160,36): error TS7006: Parameter 'item' implicitly has an 'any' type.
lib/contexts/ThemeContext.tsx(3,22): error TS2554: Expected 1 arguments, but got 0.
lib/contexts/ThemeContext.tsx(5,33): error TS7031: Binding element 'children' implicitly has an 'any' type.
lib/contexts/WishlistContext.tsx(4,17): error TS2307: Cannot find module '@/lib/services/api' or its corresponding type declarations.
lib/contexts/WishlistContext.tsx(7,25): error TS2554: Expected 1 arguments, but got 0.
lib/contexts/WishlistContext.tsx(9,29): error TS7031: Binding element 'children' implicitly has an 'any' type.
lib/contexts/WishlistContext.tsx(12,11): error TS2339: Property 'isAuthenticated' does not exist on type '{}'.
lib/contexts/WishlistContext.tsx(19,16): error TS7006: Parameter 'res' implicitly has an 'any' type.
lib/contexts/WishlistContext.tsx(22,17): error TS7006: Parameter 'err' implicitly has an 'any' type.
lib/contexts/WishlistContext.tsx(33,32): error TS7006: Parameter 'productId' implicitly has an 'any' type.
lib/contexts/WishlistContext.tsx(40,37): error TS7006: Parameter 'productId' implicitly has an 'any' type.
lib/hooks/useApi.ts(3,17): error TS2307: Cannot find module '../services/api' or its corresponding type declarations.
lib/hooks/useApi.ts(5,24): error TS7006: Parameter 'url' implicitly has an 'any' type.
lib/hooks/useApi.ts(9,11): error TS2339: Property 'refreshAccessToken' does not exist on type '{}'.
lib/hooks/useApi.ts(9,31): error TS2339: Property 'logout' does not exist on type '{}'.
lib/hooks/useApi.ts(19,11): error TS18046: 'err' is of type 'unknown'.
lib/hooks/useApi.ts(26,20): error TS2345: Argument of type 'unknown' is not assignable to parameter of type 'SetStateAction<null>'.
lib/hooks/useApi.ts(29,18): error TS2345: Argument of type 'unknown' is not assignable to parameter of type 'SetStateAction<null>'.
lib/hooks/useDebounce.ts(3,29): error TS7006: Parameter 'value' implicitly has an 'any' type.
lib/hooks/useDebounce.ts(3,36): error TS7006: Parameter 'delay' implicitly has an 'any' type.
lib/hooks/useLocalStorage.ts(3,33): error TS7006: Parameter 'key' implicitly has an 'any' type.
lib/hooks/useLocalStorage.ts(3,38): error TS7006: Parameter 'initialValue' implicitly has an 'any' type.
lib/hooks/useLocalStorage.ts(14,21): error TS7006: Parameter 'value' implicitly has an 'any' type.
lib/hooks/usePagination.ts(3,31): error TS7006: Parameter 'data' implicitly has an 'any' type.
lib/hooks/usePagination.ts(23,21): error TS7006: Parameter 'page' implicitly has an 'any' type.
lib/utils/constants.ts(6,28): error TS2345: Argument of type 'string | undefined' is not assignable to parameter of type 'string'.
  Type 'undefined' is not assignable to type 'string'.
lib/utils/constants.ts(7,32): error TS2345: Argument of type 'string | undefined' is not assignable to parameter of type 'string'.
  Type 'undefined' is not assignable to type 'string'.
lib/utils/db.ts(13,21): error TS7017: Element implicitly has an 'any' type because type 'typeof globalThis' has no index signature.
lib/utils/db.ts(16,19): error TS7017: Element implicitly has an 'any' type because type 'typeof globalThis' has no index signature.
lib/utils/db.ts(26,16): error TS2345: Argument of type 'string | undefined' is not assignable to parameter of type 'string'.
  Type 'undefined' is not assignable to type 'string'.
lib/utils/helpers.ts(1,38): error TS7006: Parameter 'amountInCents' implicitly has an 'any' type.
lib/utils/helpers.ts(8,28): error TS7006: Parameter 'dateString' implicitly has an 'any' type.
lib/utils/helpers.ts(18,34): error TS7006: Parameter 'value' implicitly has an 'any' type.
lib/utils/helpers.ts(25,34): error TS7006: Parameter 'value' implicitly has an 'any' type.
lib/utils/helpers.ts(32,30): error TS7006: Parameter 'email' implicitly has an 'any' type.
lib/utils/jwt.ts(32,34): error TS2322: Type 'string' is not assignable to type 'number | StringValue | undefined'.
lib/utils/performance.ts(37,33): error TS7006: Parameter 'metric' implicitly has an 'any' type.
lib/validations/authValidation.ts(1,7): error TS2451: Cannot redeclare block-scoped variable 'Joi'.
lib/validations/messageValidation.ts(1,7): error TS2451: Cannot redeclare block-scoped variable 'Joi'.
lib/validations/orderValidation.ts(1,7): error TS2451: Cannot redeclare block-scoped variable 'Joi'.
lib/validations/productValidation.ts(1,7): error TS2451: Cannot redeclare block-scoped variable 'Joi'.
lib/validations/reviewValidation.ts(1,7): error TS2451: Cannot redeclare block-scoped variable 'Joi'.
lib/validations/userValidation.ts(1,7): error TS2451: Cannot redeclare block-scoped variable 'Joi'.
